{"C:\\Users\\vakag\\Desktop\\NBAD\\dev\\_temp\\unit-testing-jest\\js\\cloneArray.js": {"path":"C:\\Users\\vakag\\Desktop\\NBAD\\dev\\_temp\\unit-testing-jest\\js\\cloneArray.js","statementMap":{"0":{"start":{"line":2,"column":4},"end":{"line":2,"column":21}},"1":{"start":{"line":5,"column":0},"end":{"line":5,"column":27}}},"fnMap":{"0":{"name":"cloneArray","decl":{"start":{"line":1,"column":9},"end":{"line":1,"column":19}},"loc":{"start":{"line":1,"column":26},"end":{"line":3,"column":1}},"line":1}},"branchMap":{},"s":{"0":2,"1":1},"f":{"0":2},"b":{},"_coverageSchema":"1a1c01bbd47fc00a2c39e90264f33305004495a9","hash":"fecdc15a54c35e36669df58e6ec61dcc0605bbe4"}
,"C:\\Users\\vakag\\Desktop\\NBAD\\dev\\_temp\\unit-testing-jest\\js\\subtract.js": {"path":"C:\\Users\\vakag\\Desktop\\NBAD\\dev\\_temp\\unit-testing-jest\\js\\subtract.js","statementMap":{"0":{"start":{"line":2,"column":4},"end":{"line":2,"column":16}},"1":{"start":{"line":5,"column":0},"end":{"line":5,"column":25}}},"fnMap":{"0":{"name":"subtract","decl":{"start":{"line":1,"column":9},"end":{"line":1,"column":17}},"loc":{"start":{"line":1,"column":24},"end":{"line":3,"column":1}},"line":1}},"branchMap":{},"s":{"0":1,"1":1},"f":{"0":1},"b":{},"_coverageSchema":"1a1c01bbd47fc00a2c39e90264f33305004495a9","hash":"47864dd016a4117dc8b80c99fde7b7b883e0ffb9"}
,"C:\\Users\\vakag\\Desktop\\NBAD\\dev\\_temp\\unit-testing-jest\\js\\sum.js": {"path":"C:\\Users\\vakag\\Desktop\\NBAD\\dev\\_temp\\unit-testing-jest\\js\\sum.js","statementMap":{"0":{"start":{"line":2,"column":4},"end":{"line":2,"column":16}},"1":{"start":{"line":6,"column":0},"end":{"line":6,"column":20}}},"fnMap":{"0":{"name":"sum","decl":{"start":{"line":1,"column":9},"end":{"line":1,"column":12}},"loc":{"start":{"line":1,"column":19},"end":{"line":3,"column":1}},"line":1}},"branchMap":{},"s":{"0":1,"1":1},"f":{"0":1},"b":{},"_coverageSchema":"1a1c01bbd47fc00a2c39e90264f33305004495a9","hash":"982ef3ef3d966bd8be66b6ff6b3da8a5300b59fc"}
}
